git-lfs/2.12.1 (GitHub; windows amd64; go 1.14.10; git 85b28e06)
git version 2.29.2.windows.2

$ git.exe filter-process
Error downloading object: Assets/Firebase/Plugins/x86_64/FirebaseCppAnalytics.bundle (89bdb9d): Smudge error: Error downloading Assets/Firebase/Plugins/x86_64/FirebaseCppAnalytics.bundle (89bdb9db025d80a2b08069c41e704367128e598289846e3d6bdb0faff3964e35): batch request: missing protocol: ""

missing protocol: ""
batch request
github.com/git-lfs/git-lfs/errors.newWrappedError
	D:/a/git-lfs/git-lfs/errors/types.go:198
github.com/git-lfs/git-lfs/errors.Wrap
	D:/a/git-lfs/git-lfs/errors/errors.go:74
github.com/git-lfs/git-lfs/tq.(*tqClient).Batch
	D:/a/git-lfs/git-lfs/tq/api.go:68
github.com/git-lfs/git-lfs/tq.Batch
	D:/a/git-lfs/git-lfs/tq/api.go:40
github.com/git-lfs/git-lfs/tq.(*TransferQueue).enqueueAndCollectRetriesFor
	D:/a/git-lfs/git-lfs/tq/transfer_queue.go:559
github.com/git-lfs/git-lfs/tq.(*TransferQueue).collectBatches.func1
	D:/a/git-lfs/git-lfs/tq/transfer_queue.go:453
runtime.goexit
	go/src/runtime/asm_amd64.s:1373
Error downloading Assets/Firebase/Plugins/x86_64/FirebaseCppAnalytics.bundle (89bdb9db025d80a2b08069c41e704367128e598289846e3d6bdb0faff3964e35)
github.com/git-lfs/git-lfs/errors.newWrappedError
	D:/a/git-lfs/git-lfs/errors/types.go:198
github.com/git-lfs/git-lfs/errors.Wrapf
	D:/a/git-lfs/git-lfs/errors/errors.go:85
github.com/git-lfs/git-lfs/lfs.(*GitFilter).downloadFile
	D:/a/git-lfs/git-lfs/lfs/gitfilter_smudge.go:115
github.com/git-lfs/git-lfs/lfs.(*GitFilter).Smudge
	D:/a/git-lfs/git-lfs/lfs/gitfilter_smudge.go:76
github.com/git-lfs/git-lfs/commands.smudge
	D:/a/git-lfs/git-lfs/commands/command_smudge.go:127
github.com/git-lfs/git-lfs/commands.filterCommand
	D:/a/git-lfs/git-lfs/commands/command_filter_process.go:120
github.com/spf13/cobra.(*Command).execute
	go/pkg/mod/github.com/spf13/cobra@v0.0.3/command.go:766
github.com/spf13/cobra.(*Command).ExecuteC
	go/pkg/mod/github.com/spf13/cobra@v0.0.3/command.go:852
github.com/spf13/cobra.(*Command).Execute
	go/pkg/mod/github.com/spf13/cobra@v0.0.3/command.go:800
github.com/git-lfs/git-lfs/commands.Run
	D:/a/git-lfs/git-lfs/commands/run.go:103
main.main
	D:/a/git-lfs/git-lfs/git-lfs.go:33
runtime.main
	go/src/runtime/proc.go:203
runtime.goexit
	go/src/runtime/asm_amd64.s:1373
Smudge error
github.com/git-lfs/git-lfs/errors.newWrappedError
	D:/a/git-lfs/git-lfs/errors/types.go:198
github.com/git-lfs/git-lfs/errors.NewSmudgeError
	D:/a/git-lfs/git-lfs/errors/types.go:284
github.com/git-lfs/git-lfs/lfs.(*GitFilter).Smudge
	D:/a/git-lfs/git-lfs/lfs/gitfilter_smudge.go:85
github.com/git-lfs/git-lfs/commands.smudge
	D:/a/git-lfs/git-lfs/commands/command_smudge.go:127
github.com/git-lfs/git-lfs/commands.filterCommand
	D:/a/git-lfs/git-lfs/commands/command_filter_process.go:120
github.com/spf13/cobra.(*Command).execute
	go/pkg/mod/github.com/spf13/cobra@v0.0.3/command.go:766
github.com/spf13/cobra.(*Command).ExecuteC
	go/pkg/mod/github.com/spf13/cobra@v0.0.3/command.go:852
github.com/spf13/cobra.(*Command).Execute
	go/pkg/mod/github.com/spf13/cobra@v0.0.3/command.go:800
github.com/git-lfs/git-lfs/commands.Run
	D:/a/git-lfs/git-lfs/commands/run.go:103
main.main
	D:/a/git-lfs/git-lfs/git-lfs.go:33
runtime.main
	go/src/runtime/proc.go:203
runtime.goexit
	go/src/runtime/asm_amd64.s:1373

Current time in UTC: 
2022-11-17 09:03:08

ENV:
LocalWorkingDir=
LocalGitDir=
LocalGitStorageDir=
LocalMediaDir=lfs\objects
LocalReferenceDirs=
TempDir=lfs\tmp
ConcurrentTransfers=8
TusTransfers=false
BasicTransfersOnly=false
SkipDownloadErrors=false
FetchRecentAlways=false
FetchRecentRefsDays=7
FetchRecentCommitsDays=0
FetchRecentRefsIncludeRemotes=true
PruneOffsetDays=3
PruneVerifyRemoteAlways=false
PruneRemoteName=origin
LfsStorageDir=lfs
AccessDownload=none
AccessUpload=none
DownloadTransfers=basic,lfs-standalone-file
UploadTransfers=basic,lfs-standalone-file
GIT_ASKPASS=c:/program files/microsoft visual studio/2022/community/common7/ide/commonextensions/microsoft/teamfoundation/team explorer/Git/mingw64/bin\git-askpass.exe
GIT_CEILING_DIRECTORIES=C:/Users/Lukee/Source/Repos
GIT_CONFIG_PARAMETERS='gc.auto'='0' 'credential.helper'='manager-core' 'core.askpass'='c:/program files/microsoft visual studio/2022/community/common7/ide/commonextensions/microsoft/teamfoundation/team explorer/Git/mingw64/bin\git-askpass.exe'
GIT_DIR=C:/Users/Lukee/source/repos/SeedFall V0.6/.git
GIT_EXEC_PATH=c:/program files/microsoft visual studio/2022/community/common7/ide/commonextensions/microsoft/teamfoundation/team explorer/Git/mingw64/libexec/git-core
GIT_FLUSH=1
GIT_HTTP_USER_AGENT=git/2.37.1 (Microsoft Windows NT 10.0.19044.0; Win32NT x64) CLR/4.0.30319 VS17/17.0.0
GIT_MERGE_VERBOSITY=4
GIT_PAGER=cat
GIT_TERMINAL_PROMPT=0

Client IP addresses:
fe80::79f5:df0b:4654:7e05 192.168.56.1
2001:14ba:a808:5c00:831:8b45:768f:3 2001:14ba:a808:5c18:a4eb:825:a0f:a27c 2001:14ba:a808:5c18:7c5f:cbed:73ad:4314 fe80::84a8:92c7:98b4:80a7 192.168.3.2
